<?xml version="1.0" encoding="UTF-8"?>
<testsuite name="stringCalculatorTest" tests="1" skipped="0" failures="0" errors="0" timestamp="2021-04-04T10:51:01" hostname="kanhaiya-Inspiron-3521" time="0.077">
  <properties/>
  <testcase name="addTest()" classname="stringCalculatorTest" time="0.077"/>
  <system-out><![CDATA[[-3]
NegativeException : Negatives are not allowed
[-1]
NegativeException : Negatives are not allowed
[-3, -6, -18, -7]
NegativeException : Negatives are not allowed
[-1, -3, -6, -18]
NegativeException : Negatives are not allowed
add() called : 14 Number of times
]]></system-out>
  <system-err><![CDATA[]]></system-err>
</testsuite>
